<?xml version="1.0" encoding="UTF-8"?>
<!-- Generated by org.testng.reporters.JUnitXMLReporter -->
<testsuite ignored="0" hostname="ALIPL5550" failures="1" tests="1" name="Search Flight Test" time="33.732" errors="0" timestamp="23 Nov 2023 14:39:27 GMT">
  <testcase classname="testcases.searchFlightTest" name="searchFlightTests" time="33.171">
    <failure type="java.lang.AssertionError" message="null">
      <![CDATA[java.lang.AssertionError: null
	at testcases.searchFlightTest.searchFlightTests(searchFlightTest.java:21)
... Removed 27 stack frames]]>
    </failure>
  </testcase> <!-- searchFlightTests -->
</testsuite> <!-- Search Flight Test -->
